2014/09/07 04:22:32 [error] [exception.CException] exception 'CException' with message 'Alias "path.alias.to.booster.components.Booster" is invalid. Make sure it points to an existing directory or file.' in C:\xampp\htdocs\framework\YiiBase.php:347
Stack trace:
#0 C:\xampp\htdocs\framework\YiiBase.php(196): YiiBase::import('path.alias.to.b...', true)
#1 C:\xampp\htdocs\framework\base\CModule.php(386): YiiBase::createComponent(Array)
#2 C:\xampp\htdocs\framework\base\CModule.php(523): CModule->getComponent('booster')
#3 C:\xampp\htdocs\framework\base\CApplication.php(163): CModule->preloadComponents()
#4 C:\xampp\htdocs\framework\YiiBase.php(125): CApplication->__construct('C:\xampp\htdocs...')
#5 C:\xampp\htdocs\framework\YiiBase.php(98): YiiBase::createApplication('CWebApplication', 'C:\xampp\htdocs...')
#6 C:\xampp\htdocs\myweb\index.php(13): YiiBase::createWebApplication('C:\xampp\htdocs...')
#7 {main}
REQUEST_URI=/myweb/index.php
---
2014/09/07 05:10:08 [error] [exception.CException] exception 'CException' with message 'Property "CWebApplication.themeUrl" is not defined.' in C:\xampp\htdocs\framework\base\CComponent.php:130
Stack trace:
#0 C:\xampp\htdocs\framework\base\CModule.php(105): CComponent->__get('themeUrl')
#1 C:\xampp\htdocs\myweb\themes\mytheme\views\layouts\main.php(5): CModule->__get('themeUrl')
#2 C:\xampp\htdocs\framework\web\CBaseController.php(126): require('C:\xampp\htdocs...')
#3 C:\xampp\htdocs\framework\web\CBaseController.php(95): CBaseController->renderInternal('C:\xampp\htdocs...', Array, true)
#4 C:\xampp\htdocs\framework\web\widgets\CContentDecorator.php(76): CBaseController->renderFile('C:\xampp\htdocs...', Array, true)
#5 C:\xampp\htdocs\framework\web\widgets\CContentDecorator.php(54): CContentDecorator->decorate('<div id="conten...')
#6 C:\xampp\htdocs\framework\web\widgets\COutputProcessor.php(44): CContentDecorator->processOutput('<div id="conten...')
#7 C:\xampp\htdocs\framework\web\CBaseController.php(206): COutputProcessor->run()
#8 C:\xampp\htdocs\framework\web\CBaseController.php(300): CBaseController->endWidget('CContentDecorat...')
#9 C:\xampp\htdocs\myweb\protected\views\layouts\column1.php(6): CBaseController->endContent()
#10 C:\xampp\htdocs\framework\web\CBaseController.php(126): require('C:\xampp\htdocs...')
#11 C:\xampp\htdocs\framework\web\CBaseController.php(95): CBaseController->renderInternal('C:\xampp\htdocs...', Array, true)
#12 C:\xampp\htdocs\framework\web\CController.php(784): CBaseController->renderFile('C:\xampp\htdocs...', Array, true)
#13 C:\xampp\htdocs\myweb\protected\controllers\SiteController.php(32): CController->render('index')
#14 C:\xampp\htdocs\framework\web\actions\CInlineAction.php(49): SiteController->actionIndex()
#15 C:\xampp\htdocs\framework\web\CController.php(308): CInlineAction->runWithParams(Array)
#16 C:\xampp\htdocs\framework\web\CController.php(286): CController->runAction(Object(CInlineAction))
#17 C:\xampp\htdocs\framework\web\CController.php(265): CController->runActionWithFilters(Object(CInlineAction), Array)
#18 C:\xampp\htdocs\framework\web\CWebApplication.php(282): CController->run('')
#19 C:\xampp\htdocs\framework\web\CWebApplication.php(141): CWebApplication->runController('')
#20 C:\xampp\htdocs\framework\base\CApplication.php(180): CWebApplication->processRequest()
#21 C:\xampp\htdocs\myweb\index.php(13): CApplication->run()
#22 {main}
REQUEST_URI=/myweb/index.php
---
2014/09/07 11:58:58 [error] [exception.CHttpException.404] exception 'CHttpException' with message 'Unable to resolve the request "rpt/rpt1".' in C:\xampp\htdocs\framework\web\CWebApplication.php:286
Stack trace:
#0 C:\xampp\htdocs\framework\web\CWebApplication.php(141): CWebApplication->runController('rpt/rpt1')
#1 C:\xampp\htdocs\framework\base\CApplication.php(180): CWebApplication->processRequest()
#2 C:\xampp\htdocs\myweb\index.php(13): CApplication->run()
#3 {main}
REQUEST_URI=/myweb/index.php?r=rpt/rpt1
---
2014/09/07 11:59:32 [error] [exception.CHttpException.404] exception 'CHttpException' with message 'Unable to resolve the request "rpt/rpt1".' in C:\xampp\htdocs\framework\web\CWebApplication.php:286
Stack trace:
#0 C:\xampp\htdocs\framework\web\CWebApplication.php(141): CWebApplication->runController('rpt/rpt1')
#1 C:\xampp\htdocs\framework\base\CApplication.php(180): CWebApplication->processRequest()
#2 C:\xampp\htdocs\myweb\index.php(13): CApplication->run()
#3 {main}
REQUEST_URI=/myweb/index.php?r=rpt/rpt1
---
2014/09/07 12:00:44 [error] [exception.CHttpException.404] exception 'CHttpException' with message 'Unable to resolve the request "rpt/rpt1".' in C:\xampp\htdocs\framework\web\CWebApplication.php:286
Stack trace:
#0 C:\xampp\htdocs\framework\web\CWebApplication.php(141): CWebApplication->runController('rpt/rpt1')
#1 C:\xampp\htdocs\framework\base\CApplication.php(180): CWebApplication->processRequest()
#2 C:\xampp\htdocs\myweb\index.php(13): CApplication->run()
#3 {main}
REQUEST_URI=/myweb/index.php?r=rpt/rpt1
---
2014/09/09 09:21:15 [error] [exception.CException] exception 'CException' with message 'Property "TbDatePicker.autoClose" is not defined.' in C:\xampp\htdocs\framework\base\CComponent.php:173
Stack trace:
#0 C:\xampp\htdocs\framework\web\CWidgetFactory.php(161): CComponent->__set('autoClose', true)
#1 C:\xampp\htdocs\framework\web\CBaseController.php(146): CWidgetFactory->createWidget(Object(RptController), 'booster.widgets...', Array)
#2 C:\xampp\htdocs\framework\web\CBaseController.php(172): CBaseController->createWidget('booster.widgets...', Array)
#3 C:\xampp\htdocs\myweb\themes\mytheme\views\rpt\rpt1.php(7): CBaseController->widget('booster.widgets...', Array)
#4 C:\xampp\htdocs\framework\web\CBaseController.php(126): require('C:\xampp\htdocs...')
#5 C:\xampp\htdocs\framework\web\CBaseController.php(95): CBaseController->renderInternal('C:\xampp\htdocs...', Array, true)
#6 C:\xampp\htdocs\framework\web\CController.php(869): CBaseController->renderFile('C:\xampp\htdocs...', Array, true)
#7 C:\xampp\htdocs\framework\web\CController.php(782): CController->renderPartial('rpt1', Array, true)
#8 C:\xampp\htdocs\myweb\protected\controllers\RptController.php(49): CController->render('rpt1', Array)
#9 C:\xampp\htdocs\framework\web\actions\CInlineAction.php(49): RptController->actionRpt2()
#10 C:\xampp\htdocs\framework\web\CController.php(308): CInlineAction->runWithParams(Array)
#11 C:\xampp\htdocs\framework\web\CController.php(286): CController->runAction(Object(CInlineAction))
#12 C:\xampp\htdocs\framework\web\CController.php(265): CController->runActionWithFilters(Object(CInlineAction), Array)
#13 C:\xampp\htdocs\framework\web\CWebApplication.php(282): CController->run('rpt2')
#14 C:\xampp\htdocs\framework\web\CWebApplication.php(141): CWebApplication->runController('rpt/rpt2')
#15 C:\xampp\htdocs\framework\base\CApplication.php(180): CWebApplication->processRequest()
#16 C:\xampp\htdocs\myweb\index.php(13): CApplication->run()
#17 {main}
REQUEST_URI=/myweb/index.php?r=rpt/rpt2
---
2014/09/09 09:48:58 [error] [php] array_keys() expects parameter 1 to be array, null given (C:\xampp\htdocs\myweb\protected\controllers\RptController.php:52)
Stack trace:
#0 C:\xampp\htdocs\framework\web\CController.php(308): CInlineAction->runWithParams()
#1 C:\xampp\htdocs\framework\web\CController.php(286): RptController->runAction()
#2 C:\xampp\htdocs\framework\web\CController.php(265): RptController->runActionWithFilters()
#3 C:\xampp\htdocs\framework\web\CWebApplication.php(282): RptController->run()
#4 C:\xampp\htdocs\framework\web\CWebApplication.php(141): CWebApplication->runController()
#5 C:\xampp\htdocs\framework\base\CApplication.php(180): CWebApplication->processRequest()
#6 C:\xampp\htdocs\myweb\index.php(13): CWebApplication->run()
REQUEST_URI=/myweb/index.php?r=rpt/rpt2
in C:\xampp\htdocs\myweb\protected\controllers\RptController.php (52)
in C:\xampp\htdocs\myweb\index.php (13)
2014/09/09 09:51:29 [error] [php] array_keys() expects parameter 1 to be array, null given (C:\xampp\htdocs\myweb\protected\controllers\RptController.php:52)
Stack trace:
#0 C:\xampp\htdocs\framework\web\CController.php(308): CInlineAction->runWithParams()
#1 C:\xampp\htdocs\framework\web\CController.php(286): RptController->runAction()
#2 C:\xampp\htdocs\framework\web\CController.php(265): RptController->runActionWithFilters()
#3 C:\xampp\htdocs\framework\web\CWebApplication.php(282): RptController->run()
#4 C:\xampp\htdocs\framework\web\CWebApplication.php(141): CWebApplication->runController()
#5 C:\xampp\htdocs\framework\base\CApplication.php(180): CWebApplication->processRequest()
#6 C:\xampp\htdocs\myweb\index.php(13): CWebApplication->run()
REQUEST_URI=/myweb/index.php?r=rpt/rpt2
in C:\xampp\htdocs\myweb\protected\controllers\RptController.php (52)
in C:\xampp\htdocs\myweb\index.php (13)
2014/09/09 09:51:42 [error] [php] array_keys() expects parameter 1 to be array, null given (C:\xampp\htdocs\myweb\protected\controllers\RptController.php:52)
Stack trace:
#0 C:\xampp\htdocs\framework\web\CController.php(308): CInlineAction->runWithParams()
#1 C:\xampp\htdocs\framework\web\CController.php(286): RptController->runAction()
#2 C:\xampp\htdocs\framework\web\CController.php(265): RptController->runActionWithFilters()
#3 C:\xampp\htdocs\framework\web\CWebApplication.php(282): RptController->run()
#4 C:\xampp\htdocs\framework\web\CWebApplication.php(141): CWebApplication->runController()
#5 C:\xampp\htdocs\framework\base\CApplication.php(180): CWebApplication->processRequest()
#6 C:\xampp\htdocs\myweb\index.php(13): CWebApplication->run()
REQUEST_URI=/myweb/index.php?r=rpt/rpt2
in C:\xampp\htdocs\myweb\protected\controllers\RptController.php (52)
in C:\xampp\htdocs\myweb\index.php (13)
2014/09/09 09:53:54 [error] [php] array_keys() expects parameter 1 to be array, null given (C:\xampp\htdocs\myweb\protected\controllers\RptController.php:52)
Stack trace:
#0 C:\xampp\htdocs\framework\web\CController.php(308): CInlineAction->runWithParams()
#1 C:\xampp\htdocs\framework\web\CController.php(286): RptController->runAction()
#2 C:\xampp\htdocs\framework\web\CController.php(265): RptController->runActionWithFilters()
#3 C:\xampp\htdocs\framework\web\CWebApplication.php(282): RptController->run()
#4 C:\xampp\htdocs\framework\web\CWebApplication.php(141): CWebApplication->runController()
#5 C:\xampp\htdocs\framework\base\CApplication.php(180): CWebApplication->processRequest()
#6 C:\xampp\htdocs\myweb\index.php(13): CWebApplication->run()
REQUEST_URI=/myweb/index.php?r=rpt/rpt2
in C:\xampp\htdocs\myweb\protected\controllers\RptController.php (52)
in C:\xampp\htdocs\myweb\index.php (13)
2014/09/09 09:54:20 [error] [php] array_keys() expects parameter 1 to be array, null given (C:\xampp\htdocs\myweb\protected\controllers\RptController.php:52)
Stack trace:
#0 C:\xampp\htdocs\framework\web\CController.php(308): CInlineAction->runWithParams()
#1 C:\xampp\htdocs\framework\web\CController.php(286): RptController->runAction()
#2 C:\xampp\htdocs\framework\web\CController.php(265): RptController->runActionWithFilters()
#3 C:\xampp\htdocs\framework\web\CWebApplication.php(282): RptController->run()
#4 C:\xampp\htdocs\framework\web\CWebApplication.php(141): CWebApplication->runController()
#5 C:\xampp\htdocs\framework\base\CApplication.php(180): CWebApplication->processRequest()
#6 C:\xampp\htdocs\myweb\index.php(13): CWebApplication->run()
REQUEST_URI=/myweb/index.php?r=rpt/rpt2
in C:\xampp\htdocs\myweb\protected\controllers\RptController.php (52)
in C:\xampp\htdocs\myweb\index.php (13)
2014/09/09 09:54:25 [error] [php] array_keys() expects parameter 1 to be array, null given (C:\xampp\htdocs\myweb\protected\controllers\RptController.php:52)
Stack trace:
#0 C:\xampp\htdocs\framework\web\CController.php(308): CInlineAction->runWithParams()
#1 C:\xampp\htdocs\framework\web\CController.php(286): RptController->runAction()
#2 C:\xampp\htdocs\framework\web\CController.php(265): RptController->runActionWithFilters()
#3 C:\xampp\htdocs\framework\web\CWebApplication.php(282): RptController->run()
#4 C:\xampp\htdocs\framework\web\CWebApplication.php(141): CWebApplication->runController()
#5 C:\xampp\htdocs\framework\base\CApplication.php(180): CWebApplication->processRequest()
#6 C:\xampp\htdocs\myweb\index.php(13): CWebApplication->run()
REQUEST_URI=/myweb/index.php?r=rpt/rpt2
in C:\xampp\htdocs\myweb\protected\controllers\RptController.php (52)
in C:\xampp\htdocs\myweb\index.php (13)
2014/09/09 09:54:30 [error] [php] array_keys() expects parameter 1 to be array, null given (C:\xampp\htdocs\myweb\protected\controllers\RptController.php:52)
Stack trace:
#0 C:\xampp\htdocs\framework\web\CController.php(308): CInlineAction->runWithParams()
#1 C:\xampp\htdocs\framework\web\CController.php(286): RptController->runAction()
#2 C:\xampp\htdocs\framework\web\CController.php(265): RptController->runActionWithFilters()
#3 C:\xampp\htdocs\framework\web\CWebApplication.php(282): RptController->run()
#4 C:\xampp\htdocs\framework\web\CWebApplication.php(141): CWebApplication->runController()
#5 C:\xampp\htdocs\framework\base\CApplication.php(180): CWebApplication->processRequest()
#6 C:\xampp\htdocs\myweb\index.php(13): CWebApplication->run()
REQUEST_URI=/myweb/index.php?r=rpt/rpt2
in C:\xampp\htdocs\myweb\protected\controllers\RptController.php (52)
in C:\xampp\htdocs\myweb\index.php (13)
